<?xml version="1.0" encoding="UTF-8"?>
<!-- Generated by org.testng.reporters.JUnitReportReporter -->
<testsuite hostname="LAPTOP-E91A4HCL" failures="0" tests="4" name="com.webapplication.webtest.selenium1" time="19.929" errors="0" timestamp="2021-09-17T23:05:46 IST" skipped="0">
  <testcase classname="com.webapplication.webtest.selenium1" name="testJbkTitle" time="2.327"/>
  <system-out/>
  <testcase classname="com.webapplication.webtest.selenium1" name="testJbkTitleInvalid" time="2.061"/>
  <system-out/>
  <testcase classname="com.webapplication.webtest.selenium1" name="testJbkTitlescroll" time="6.050"/>
  <system-out/>
  <testcase classname="com.webapplication.webtest.selenium1" name="testJbkTitlesubmit" time="9.491"/>
  <system-out/>
</testsuite> <!-- com.webapplication.webtest.selenium1 -->
