<?xml version="1.0" encoding="UTF-8"?>
<!-- Generated by org.testng.reporters.JUnitReportReporter -->
<testsuite hostname="LAPTOP-E91A4HCL" failures="0" tests="1" name="com.webapplication.webtest.googletestdemo" time="3.519" errors="0" timestamp="2021-09-17T23:01:03 IST" skipped="0">
  <testcase classname="com.webapplication.webtest.googletestdemo" name="testJbkTitle" time="3.519"/>
  <system-out/>
</testsuite> <!-- com.webapplication.webtest.googletestdemo -->
